<?xml version="1.0" encoding="UTF-8" ?>
<testsuite failures="0" time="0" errors="0" skipped="0" tests="9" name="org.jsoup.parser.TagTest">
  <properties>
    <property name="java.runtime.name" value="Java(TM) SE Runtime Environment"/>
    <property name="sun.boot.library.path" value="/Users/liux/glassfish4/jdk7/jre/lib"/>
    <property name="java.vm.version" value="24.45-b08"/>
    <property name="gopherProxySet" value="false"/>
    <property name="java.vm.vendor" value="Oracle Corporation"/>
    <property name="java.vendor.url" value="http://java.oracle.com/"/>
    <property name="path.separator" value=":"/>
    <property name="guice.disable.misplaced.annotation.check" value="true"/>
    <property name="java.vm.name" value="Java HotSpot(TM) 64-Bit Server VM"/>
    <property name="file.encoding.pkg" value="sun.io"/>
    <property name="user.country" value="CN"/>
    <property name="sun.java.launcher" value="SUN_STANDARD"/>
    <property name="sun.os.patch.level" value="unknown"/>
    <property name="java.vm.specification.name" value="Java Virtual Machine Specification"/>
    <property name="user.dir" value="/Users/liux/Documents/workspace/jsoup"/>
    <property name="java.runtime.version" value="1.7.0_45-b18"/>
    <property name="java.awt.graphicsenv" value="sun.awt.CGraphicsEnvironment"/>
    <property name="java.endorsed.dirs" value="/Users/liux/glassfish4/jdk7/jre/lib/endorsed"/>
    <property name="os.arch" value="x86_64"/>
    <property name="java.io.tmpdir" value="/var/folders/xx/cvwcdmmd2lb027npmk2m5f740000gn/T/"/>
    <property name="line.separator" value="
"/>
    <property name="java.vm.specification.vendor" value="Oracle Corporation"/>
    <property name="os.name" value="Mac OS X"/>
    <property name="classworlds.conf" value="/Users/liux/work/java/apache-maven-3.2.3/bin/m2.conf"/>
    <property name="sun.jnu.encoding" value="UTF-8"/>
    <property name="java.library.path" value="/Users/liux/Library/Java/Extensions:/Library/Java/Extensions:/Network/Library/Java/Extensions:/System/Library/Java/Extensions:/usr/lib/java:."/>
    <property name="java.specification.name" value="Java Platform API Specification"/>
    <property name="java.class.version" value="51.0"/>
    <property name="sun.management.compiler" value="HotSpot 64-Bit Tiered Compilers"/>
    <property name="os.version" value="10.11.1"/>
    <property name="user.home" value="/Users/liux"/>
    <property name="user.timezone" value="Asia/Chongqing"/>
    <property name="java.awt.printerjob" value="sun.lwawt.macosx.CPrinterJob"/>
    <property name="file.encoding" value="UTF-8"/>
    <property name="java.specification.version" value="1.7"/>
    <property name="user.name" value="liux"/>
    <property name="java.class.path" value="/Users/liux/work/java/apache-maven-3.2.3/boot/plexus-classworlds-2.5.1.jar"/>
    <property name="java.vm.specification.version" value="1.7"/>
    <property name="sun.arch.data.model" value="64"/>
    <property name="java.home" value="/Users/liux/glassfish4/jdk7/jre"/>
    <property name="sun.java.command" value="org.codehaus.plexus.classworlds.launcher.Launcher install"/>
    <property name="java.specification.vendor" value="Oracle Corporation"/>
    <property name="user.language" value="zh"/>
    <property name="awt.toolkit" value="sun.lwawt.macosx.LWCToolkit"/>
    <property name="java.vm.info" value="mixed mode"/>
    <property name="java.version" value="1.7.0_45"/>
    <property name="java.ext.dirs" value="/Users/liux/Library/Java/Extensions:/Users/liux/glassfish4/jdk7/jre/lib/ext:/Library/Java/Extensions:/Network/Library/Java/Extensions:/System/Library/Java/Extensions:/usr/lib/java"/>
    <property name="sun.boot.class.path" value="/Users/liux/glassfish4/jdk7/jre/lib/resources.jar:/Users/liux/glassfish4/jdk7/jre/lib/rt.jar:/Users/liux/glassfish4/jdk7/jre/lib/sunrsasign.jar:/Users/liux/glassfish4/jdk7/jre/lib/jsse.jar:/Users/liux/glassfish4/jdk7/jre/lib/jce.jar:/Users/liux/glassfish4/jdk7/jre/lib/charsets.jar:/Users/liux/glassfish4/jdk7/jre/lib/jfr.jar:/Users/liux/glassfish4/jdk7/jre/lib/JObjC.jar:/Users/liux/glassfish4/jdk7/jre/classes"/>
    <property name="java.vendor" value="Oracle Corporation"/>
    <property name="maven.home" value="/Users/liux/work/java/apache-maven-3.2.3"/>
    <property name="file.separator" value="/"/>
    <property name="java.vendor.url.bug" value="http://bugreport.sun.com/bugreport/"/>
    <property name="sun.cpu.endian" value="little"/>
    <property name="sun.io.unicode.encoding" value="UnicodeBig"/>
    <property name="sun.cpu.isalist" value=""/>
  </properties>
  <testcase time="0" classname="org.jsoup.parser.TagTest" name="isCaseInsensitive"/>
  <testcase time="0" classname="org.jsoup.parser.TagTest" name="trims"/>
  <testcase time="0" classname="org.jsoup.parser.TagTest" name="equality"/>
  <testcase time="0" classname="org.jsoup.parser.TagTest" name="divSemantics"/>
  <testcase time="0" classname="org.jsoup.parser.TagTest" name="pSemantics"/>
  <testcase time="0" classname="org.jsoup.parser.TagTest" name="imgSemantics"/>
  <testcase time="0" classname="org.jsoup.parser.TagTest" name="defaultSemantics"/>
  <testcase time="0" classname="org.jsoup.parser.TagTest" name="valueOfChecksNotNull"/>
  <testcase time="0" classname="org.jsoup.parser.TagTest" name="valueOfChecksNotEmpty"/>
</testsuite>